<?xml version="1.0" encoding="UTF-8"?>
<testng-results ignored="0" total="1" passed="1" failed="0" skipped="0">
  <reporter-output>
  </reporter-output>
  <suite started-at="2025-09-10T21:01:20 IST" name="Default suite" finished-at="2025-09-10T21:01:48 IST" duration-ms="28480">
    <groups>
    </groups>
    <test started-at="2025-09-10T21:01:20 IST" name="Default test" finished-at="2025-09-10T21:01:48 IST" duration-ms="28480">
      <class name="tests.InputFormSubmitTest">
        <test-method is-config="true" signature="setUp()[pri:0, instance:tests.InputFormSubmitTest@5dda768f]" started-at="2025-09-10T21:01:20 IST" name="setUp" finished-at="2025-09-10T21:01:28 IST" duration-ms="7590" status="PASS">
          <reporter-output>
          </reporter-output>
        </test-method> <!-- setUp -->
        <test-method signature="testInputFormSubmit()[pri:0, instance:tests.InputFormSubmitTest@5dda768f]" started-at="2025-09-10T21:01:28 IST" name="testInputFormSubmit" finished-at="2025-09-10T21:01:48 IST" duration-ms="20608" status="PASS">
          <reporter-output>
          </reporter-output>
        </test-method> <!-- testInputFormSubmit -->
        <test-method is-config="true" signature="tearDown()[pri:0, instance:tests.InputFormSubmitTest@5dda768f]" started-at="2025-09-10T21:01:48 IST" name="tearDown" finished-at="2025-09-10T21:01:48 IST" duration-ms="243" status="PASS">
          <reporter-output>
          </reporter-output>
        </test-method> <!-- tearDown -->
      </class> <!-- tests.InputFormSubmitTest -->
    </test> <!-- Default test -->
  </suite> <!-- Default suite -->
</testng-results>
